[I 13:17:57.995 NotebookApp] Serving notebooks from local directory: /Users/didi/Desktop/vm_predict
[I 13:17:57.996 NotebookApp] 0 active kernels
[I 13:17:57.996 NotebookApp] The Jupyter Notebook is running at:
[I 13:17:57.996 NotebookApp] http://localhost:8889/?token=f15afbcfc4639c52cb1a6608b1901842471dafb22183fe24
[I 13:17:57.996 NotebookApp] Use Control-C to stop this server and shut down all kernels (twice to skip confirmation).
[C 13:17:57.996 NotebookApp] 
    
    Copy/paste this URL into your browser when you connect for the first time,
    to login with a token:
        http://localhost:8889/?token=f15afbcfc4639c52cb1a6608b1901842471dafb22183fe24&token=f15afbcfc4639c52cb1a6608b1901842471dafb22183fe24
[W 13:17:58.006 NotebookApp] 404 GET /api/kernels/982ce164-1a81-49d6-ab83-78b8ed4d1edd/channels?session_id=68a957a9ff71448b9dd6d141e220d203 (::1): Kernel does not exist: 982ce164-1a81-49d6-ab83-78b8ed4d1edd
[W 13:17:58.043 NotebookApp] 404 GET /api/kernels/982ce164-1a81-49d6-ab83-78b8ed4d1edd/channels?session_id=68a957a9ff71448b9dd6d141e220d203 (::1) 43.11ms referer=None
0:97: execution error: "http://localhost:8889/tree?token=dd9be6f123138433673ec09aaea24b2bbfca0bf5991a99e1" doesn’t understand the “open location” message. (-1708)
[W 13:18:04.834 NotebookApp] 404 GET /notebooks/vm_predict/data_prepossess.ipynb (::1): No such file or directory: vm_predict/data_prepossess.ipynb
[W 13:18:04.835 NotebookApp] 404 GET /notebooks/vm_predict/data_prepossess.ipynb (::1) 1.68ms referer=http://localhost:8889/notebooks/vm_predict/Untitled.ipynb?kernel_name=python2
[W 13:18:08.116 NotebookApp] 404 GET /api/contents/vm_predict?type=directory&_=1532322890523 (::1): No such file or directory: vm_predict
[W 13:18:08.117 NotebookApp] No such file or directory: vm_predict
[W 13:18:08.117 NotebookApp] 404 GET /api/contents/vm_predict?type=directory&_=1532322890523 (::1) 3.96ms referer=http://localhost:8889/tree/vm_predict
[W 13:18:08.972 NotebookApp] 404 GET /tree/vm_predict (::1) 1.49ms referer=None
[I 13:18:11.631 NotebookApp] 302 GET / (::1) 0.50ms
[I 13:18:14.511 NotebookApp] Kernel started: 6de1a6c2-bb0e-4a5b-8001-6f438dd4e2e7
[I 13:18:15.007 NotebookApp] Adapting to protocol v5.1 for kernel 6de1a6c2-bb0e-4a5b-8001-6f438dd4e2e7
[W 13:18:37.279 NotebookApp] 404 GET /edit/vm_predict/make_features.py (::1): File does not exist: vm_predict/make_features.py
[W 13:18:37.281 NotebookApp] 404 GET /edit/vm_predict/make_features.py (::1) 2.48ms referer=http://localhost:8889/tree/vm_predict
[I 13:20:14.987 NotebookApp] Saving file at /data_prepossess.ipynb
[I 13:29:25.727 NotebookApp] Saving file at /make_features.py
[I 13:30:41.103 NotebookApp] Starting buffering for 6de1a6c2-bb0e-4a5b-8001-6f438dd4e2e7:7332dc7966a940218cd65054a50fa218
[I 13:53:25.524 NotebookApp] Saving file at /make_features.py
[I 13:54:39.259 NotebookApp] Saving file at /make_features.py
[I 13:56:54.219 NotebookApp] Saving file at /make_features.py
[I 13:56:56.340 NotebookApp] Saving file at /input_pipe.py
[I 13:58:14.228 NotebookApp] Saving file at /input_pipe.py
[I 13:59:48.521 NotebookApp] Saving file at /input_pipe.py
[I 14:00:18.081 NotebookApp] Saving file at /input_pipe.py
[I 14:03:24.542 NotebookApp] Saving file at /trainer.py
[I 14:08:33.008 NotebookApp] Saving file at /make_features.py
[I 14:08:48.967 NotebookApp] Saving file at /make_features.py
[I 14:09:16.677 NotebookApp] Saving file at /input_pipe.py
[I 14:09:59.156 NotebookApp] Saving file at /input_pipe.py
[I 14:15:47.361 NotebookApp] Saving file at /input_pipe.py
[I 14:16:12.864 NotebookApp] Saving file at /input_pipe.py
[I 14:18:34.789 NotebookApp] Saving file at /model.py
[I 14:25:41.921 NotebookApp] Saving file at /input_pipe.py
[I 15:02:07.257 NotebookApp] Saving file at /input_pipe.py
[I 15:03:01.712 NotebookApp] Saving file at /model.py
[I 15:03:29.683 NotebookApp] Saving file at /hparams.py
[I 15:09:19.493 NotebookApp] Saving file at /input_pipe.py
[I 15:12:04.373 NotebookApp] Saving file at /model.py
[I 15:21:20.981 NotebookApp] Adapting to protocol v5.1 for kernel 6de1a6c2-bb0e-4a5b-8001-6f438dd4e2e7
[I 15:23:20.972 NotebookApp] Saving file at /data_prepossess.ipynb
[I 15:25:21.996 NotebookApp] Saving file at /data_prepossess.ipynb
[I 15:29:20.961 NotebookApp] Saving file at /data_prepossess.ipynb
[I 15:31:20.954 NotebookApp] Saving file at /data_prepossess.ipynb
[I 15:33:22.004 NotebookApp] Saving file at /data_prepossess.ipynb
[I 15:43:21.705 NotebookApp] Saving file at /data_prepossess.ipynb
[I 15:47:20.921 NotebookApp] Saving file at /data_prepossess.ipynb
[I 15:49:21.655 NotebookApp] Saving file at /data_prepossess.ipynb
[I 15:52:44.100 NotebookApp] Saving file at /input_pipe.py
[I 15:53:15.863 NotebookApp] Saving file at /model.py
[I 09:42:28.795 NotebookApp] Saving file at /model.py
[I 10:07:20.088 NotebookApp] Saving file at /data_prepossess.ipynb
[I 10:09:20.089 NotebookApp] Saving file at /data_prepossess.ipynb
2018-07-24 10:10:27.405207: I tensorflow/core/platform/cpu_feature_guard.cc:140] Your CPU supports instructions that this TensorFlow binary was not compiled to use: AVX2 FMA
[I 10:11:20.239 NotebookApp] Saving file at /data_prepossess.ipynb
[I 10:13:20.079 NotebookApp] Saving file at /data_prepossess.ipynb
[I 10:13:37.334 NotebookApp] Saving file at /model.py
[I 10:15:20.227 NotebookApp] Saving file at /data_prepossess.ipynb
[I 10:17:24.260 NotebookApp] Saving file at /model.py
[I 10:17:36.921 NotebookApp] Saving file at /data_prepossess.ipynb
[I 10:17:38.740 NotebookApp] Saving file at /trainer.py
[I 10:17:40.755 NotebookApp] Saving file at /hparams.py
